<?xml version="1.0" encoding="UTF-8"?>
<coverage generated="1604263364536" clover="3.2.0">
  <project timestamp="1604263364536" name="All files">
    <metrics statements="59" coveredstatements="59" conditionals="38" coveredconditionals="38" methods="6" coveredmethods="6" elements="103" coveredelements="103" complexity="0" loc="59" ncloc="59" packages="1" files="1" classes="1"/>
    <file name="index.js" path="/Users/ali/Documents/projects/markdown_html_converter/markdown_html_converter/utils/index.js">
      <metrics statements="59" coveredstatements="59" conditionals="38" coveredconditionals="38" methods="6" coveredmethods="6"/>
      <line num="1" count="1" type="stmt"/>
      <line num="2" count="16" type="stmt"/>
      <line num="4" count="16" type="stmt"/>
      <line num="7" count="16" type="cond" truecount="2" falsecount="0"/>
      <line num="8" count="1" type="stmt"/>
      <line num="12" count="15" type="cond" truecount="2" falsecount="0"/>
      <line num="13" count="1" type="stmt"/>
      <line num="17" count="14" type="stmt"/>
      <line num="18" count="39" type="cond" truecount="2" falsecount="0"/>
      <line num="19" count="1" type="stmt"/>
      <line num="23" count="13" type="stmt"/>
      <line num="25" count="13" type="stmt"/>
      <line num="26" count="29" type="stmt"/>
      <line num="29" count="13" type="stmt"/>
      <line num="31" count="13" type="stmt"/>
      <line num="34" count="1" type="stmt"/>
      <line num="35" count="27" type="stmt"/>
      <line num="45" count="27" type="stmt"/>
      <line num="46" count="799" type="stmt"/>
      <line num="48" count="799" type="cond" truecount="4" falsecount="0"/>
      <line num="49" count="10" type="stmt"/>
      <line num="50" count="10" type="stmt"/>
      <line num="53" count="789" type="cond" truecount="2" falsecount="0"/>
      <line num="58" count="10" type="stmt"/>
      <line num="59" count="10" type="stmt"/>
      <line num="62" count="779" type="cond" truecount="2" falsecount="0"/>
      <line num="67" count="10" type="stmt"/>
      <line num="68" count="10" type="stmt"/>
      <line num="71" count="769" type="cond" truecount="2" falsecount="0"/>
      <line num="77" count="10" type="stmt"/>
      <line num="78" count="10" type="stmt"/>
      <line num="79" count="10" type="stmt"/>
      <line num="86" count="10" type="stmt"/>
      <line num="90" count="27" type="stmt"/>
      <line num="91" count="27" type="stmt"/>
      <line num="93" count="27" type="stmt"/>
      <line num="95" count="37" type="cond" truecount="2" falsecount="0"/>
      <line num="96" count="10" type="stmt"/>
      <line num="98" count="10" type="stmt"/>
      <line num="99" count="10" type="stmt"/>
      <line num="101" count="10" type="stmt"/>
      <line num="103" count="10" type="stmt"/>
      <line num="105" count="27" type="stmt"/>
      <line num="110" count="27" type="stmt"/>
      <line num="113" count="1" type="stmt"/>
      <line num="114" count="28" type="cond" truecount="4" falsecount="0"/>
      <line num="115" count="1" type="stmt"/>
      <line num="119" count="27" type="cond" truecount="2" falsecount="0"/>
      <line num="120" count="16" type="stmt"/>
      <line num="124" count="11" type="stmt"/>
      <line num="127" count="1" type="stmt"/>
      <line num="128" count="19" type="cond" truecount="4" falsecount="0"/>
      <line num="129" count="1" type="stmt"/>
      <line num="132" count="18" type="stmt"/>
      <line num="134" count="18" type="stmt"/>
      <line num="136" count="18" type="stmt"/>
      <line num="137" count="28" type="stmt"/>
      <line num="140" count="18" type="stmt"/>
      <line num="143" count="1" type="stmt"/>
    </file>
  </project>
</coverage>
