{"/Users/ali/Documents/projects/markdown_html_converter/markdown_html_converter/utils/index.js": {"path":"/Users/ali/Documents/projects/markdown_html_converter/markdown_html_converter/utils/index.js","statementMap":{"0":{"start":{"line":1,"column":22},"end":{"line":32,"column":1}},"1":{"start":{"line":2,"column":26},"end":{"line":2,"column":27}},"2":{"start":{"line":4,"column":23},"end":{"line":4,"column":39}},"3":{"start":{"line":7,"column":4},"end":{"line":9,"column":5}},"4":{"start":{"line":8,"column":8},"end":{"line":8,"column":57}},"5":{"start":{"line":12,"column":4},"end":{"line":14,"column":5}},"6":{"start":{"line":13,"column":8},"end":{"line":13,"column":49}},"7":{"start":{"line":17,"column":4},"end":{"line":21,"column":5}},"8":{"start":{"line":17,"column":17},"end":{"line":17,"column":18}},"9":{"start":{"line":18,"column":8},"end":{"line":20,"column":9}},"10":{"start":{"line":19,"column":12},"end":{"line":19,"column":53}},"11":{"start":{"line":23,"column":21},"end":{"line":23,"column":34}},"12":{"start":{"line":25,"column":4},"end":{"line":27,"column":5}},"13":{"start":{"line":25,"column":17},"end":{"line":25,"column":18}},"14":{"start":{"line":26,"column":8},"end":{"line":26,"column":41}},"15":{"start":{"line":29,"column":23},"end":{"line":29,"column":43}},"16":{"start":{"line":31,"column":4},"end":{"line":31,"column":76}},"17":{"start":{"line":34,"column":24},"end":{"line":111,"column":1}},"18":{"start":{"line":35,"column":18},"end":{"line":43,"column":5}},"19":{"start":{"line":45,"column":4},"end":{"line":88,"column":5}},"20":{"start":{"line":46,"column":22},"end":{"line":46,"column":38}},"21":{"start":{"line":48,"column":8},"end":{"line":51,"column":9}},"22":{"start":{"line":49,"column":12},"end":{"line":49,"column":41}},"23":{"start":{"line":50,"column":12},"end":{"line":50,"column":20}},"24":{"start":{"line":53,"column":8},"end":{"line":60,"column":9}},"25":{"start":{"line":58,"column":12},"end":{"line":58,"column":39}},"26":{"start":{"line":59,"column":12},"end":{"line":59,"column":20}},"27":{"start":{"line":62,"column":8},"end":{"line":69,"column":9}},"28":{"start":{"line":67,"column":12},"end":{"line":67,"column":41}},"29":{"start":{"line":68,"column":12},"end":{"line":68,"column":20}},"30":{"start":{"line":71,"column":8},"end":{"line":87,"column":9}},"31":{"start":{"line":77,"column":12},"end":{"line":77,"column":39}},"32":{"start":{"line":78,"column":12},"end":{"line":78,"column":41}},"33":{"start":{"line":79,"column":12},"end":{"line":85,"column":14}},"34":{"start":{"line":86,"column":12},"end":{"line":86,"column":20}},"35":{"start":{"line":90,"column":19},"end":{"line":90,"column":21}},"36":{"start":{"line":91,"column":22},"end":{"line":91,"column":23}},"37":{"start":{"line":93,"column":4},"end":{"line":108,"column":5}},"38":{"start":{"line":95,"column":12},"end":{"line":106,"column":13}},"39":{"start":{"line":96,"column":16},"end":{"line":96,"column":66}},"40":{"start":{"line":98,"column":28},"end":{"line":98,"column":69}},"41":{"start":{"line":99,"column":32},"end":{"line":99,"column":73}},"42":{"start":{"line":101,"column":16},"end":{"line":101,"column":61}},"43":{"start":{"line":103,"column":16},"end":{"line":103,"column":44}},"44":{"start":{"line":105,"column":16},"end":{"line":105,"column":66}},"45":{"start":{"line":110,"column":4},"end":{"line":110,"column":19}},"46":{"start":{"line":113,"column":21},"end":{"line":125,"column":1}},"47":{"start":{"line":114,"column":4},"end":{"line":116,"column":5}},"48":{"start":{"line":115,"column":8},"end":{"line":115,"column":17}},"49":{"start":{"line":119,"column":4},"end":{"line":121,"column":5}},"50":{"start":{"line":120,"column":8},"end":{"line":120,"column":35}},"51":{"start":{"line":124,"column":4},"end":{"line":124,"column":45}},"52":{"start":{"line":127,"column":22},"end":{"line":141,"column":1}},"53":{"start":{"line":128,"column":4},"end":{"line":130,"column":5}},"54":{"start":{"line":129,"column":8},"end":{"line":129,"column":17}},"55":{"start":{"line":132,"column":26},"end":{"line":132,"column":54}},"56":{"start":{"line":134,"column":21},"end":{"line":134,"column":23}},"57":{"start":{"line":136,"column":4},"end":{"line":138,"column":6}},"58":{"start":{"line":137,"column":8},"end":{"line":137,"column":40}},"59":{"start":{"line":140,"column":4},"end":{"line":140,"column":21}},"60":{"start":{"line":143,"column":0},"end":{"line":145,"column":1}}},"fnMap":{"0":{"name":"(anonymous_0)","decl":{"start":{"line":1,"column":22},"end":{"line":1,"column":23}},"loc":{"start":{"line":1,"column":33},"end":{"line":32,"column":1}},"line":1},"1":{"name":"(anonymous_1)","decl":{"start":{"line":34,"column":24},"end":{"line":34,"column":25}},"loc":{"start":{"line":34,"column":35},"end":{"line":111,"column":1}},"line":34},"2":{"name":"(anonymous_2)","decl":{"start":{"line":94,"column":8},"end":{"line":94,"column":9}},"loc":{"start":{"line":94,"column":79},"end":{"line":107,"column":9}},"line":94},"3":{"name":"(anonymous_3)","decl":{"start":{"line":113,"column":21},"end":{"line":113,"column":22}},"loc":{"start":{"line":113,"column":32},"end":{"line":125,"column":1}},"line":113},"4":{"name":"(anonymous_4)","decl":{"start":{"line":127,"column":22},"end":{"line":127,"column":23}},"loc":{"start":{"line":127,"column":41},"end":{"line":141,"column":1}},"line":127},"5":{"name":"(anonymous_5)","decl":{"start":{"line":136,"column":26},"end":{"line":136,"column":27}},"loc":{"start":{"line":136,"column":36},"end":{"line":138,"column":5}},"line":136}},"branchMap":{"0":{"loc":{"start":{"line":7,"column":4},"end":{"line":9,"column":5}},"type":"if","locations":[{"start":{"line":7,"column":4},"end":{"line":9,"column":5}},{"start":{"line":7,"column":4},"end":{"line":9,"column":5}}],"line":7},"1":{"loc":{"start":{"line":12,"column":4},"end":{"line":14,"column":5}},"type":"if","locations":[{"start":{"line":12,"column":4},"end":{"line":14,"column":5}},{"start":{"line":12,"column":4},"end":{"line":14,"column":5}}],"line":12},"2":{"loc":{"start":{"line":18,"column":8},"end":{"line":20,"column":9}},"type":"if","locations":[{"start":{"line":18,"column":8},"end":{"line":20,"column":9}},{"start":{"line":18,"column":8},"end":{"line":20,"column":9}}],"line":18},"3":{"loc":{"start":{"line":48,"column":8},"end":{"line":51,"column":9}},"type":"if","locations":[{"start":{"line":48,"column":8},"end":{"line":51,"column":9}},{"start":{"line":48,"column":8},"end":{"line":51,"column":9}}],"line":48},"4":{"loc":{"start":{"line":48,"column":12},"end":{"line":48,"column":66}},"type":"binary-expr","locations":[{"start":{"line":48,"column":12},"end":{"line":48,"column":28}},{"start":{"line":48,"column":32},"end":{"line":48,"column":66}}],"line":48},"5":{"loc":{"start":{"line":53,"column":8},"end":{"line":60,"column":9}},"type":"if","locations":[{"start":{"line":53,"column":8},"end":{"line":60,"column":9}},{"start":{"line":53,"column":8},"end":{"line":60,"column":9}}],"line":53},"6":{"loc":{"start":{"line":54,"column":12},"end":{"line":56,"column":44}},"type":"binary-expr","locations":[{"start":{"line":54,"column":12},"end":{"line":54,"column":28}},{"start":{"line":55,"column":12},"end":{"line":55,"column":46}},{"start":{"line":56,"column":12},"end":{"line":56,"column":44}}],"line":54},"7":{"loc":{"start":{"line":62,"column":8},"end":{"line":69,"column":9}},"type":"if","locations":[{"start":{"line":62,"column":8},"end":{"line":69,"column":9}},{"start":{"line":62,"column":8},"end":{"line":69,"column":9}}],"line":62},"8":{"loc":{"start":{"line":63,"column":12},"end":{"line":65,"column":46}},"type":"binary-expr","locations":[{"start":{"line":63,"column":12},"end":{"line":63,"column":28}},{"start":{"line":64,"column":12},"end":{"line":64,"column":44}},{"start":{"line":65,"column":12},"end":{"line":65,"column":46}}],"line":63},"9":{"loc":{"start":{"line":71,"column":8},"end":{"line":87,"column":9}},"type":"if","locations":[{"start":{"line":71,"column":8},"end":{"line":87,"column":9}},{"start":{"line":71,"column":8},"end":{"line":87,"column":9}}],"line":71},"10":{"loc":{"start":{"line":72,"column":12},"end":{"line":75,"column":44}},"type":"binary-expr","locations":[{"start":{"line":72,"column":12},"end":{"line":72,"column":28}},{"start":{"line":73,"column":12},"end":{"line":73,"column":44}},{"start":{"line":74,"column":12},"end":{"line":74,"column":46}},{"start":{"line":75,"column":12},"end":{"line":75,"column":44}}],"line":72},"11":{"loc":{"start":{"line":95,"column":12},"end":{"line":106,"column":13}},"type":"if","locations":[{"start":{"line":95,"column":12},"end":{"line":106,"column":13}},{"start":{"line":95,"column":12},"end":{"line":106,"column":13}}],"line":95},"12":{"loc":{"start":{"line":114,"column":4},"end":{"line":116,"column":5}},"type":"if","locations":[{"start":{"line":114,"column":4},"end":{"line":116,"column":5}},{"start":{"line":114,"column":4},"end":{"line":116,"column":5}}],"line":114},"13":{"loc":{"start":{"line":114,"column":8},"end":{"line":114,"column":55}},"type":"binary-expr","locations":[{"start":{"line":114,"column":8},"end":{"line":114,"column":33}},{"start":{"line":114,"column":37},"end":{"line":114,"column":55}}],"line":114},"14":{"loc":{"start":{"line":119,"column":4},"end":{"line":121,"column":5}},"type":"if","locations":[{"start":{"line":119,"column":4},"end":{"line":121,"column":5}},{"start":{"line":119,"column":4},"end":{"line":121,"column":5}}],"line":119},"15":{"loc":{"start":{"line":128,"column":4},"end":{"line":130,"column":5}},"type":"if","locations":[{"start":{"line":128,"column":4},"end":{"line":130,"column":5}},{"start":{"line":128,"column":4},"end":{"line":130,"column":5}}],"line":128},"16":{"loc":{"start":{"line":128,"column":8},"end":{"line":128,"column":71}},"type":"binary-expr","locations":[{"start":{"line":128,"column":8},"end":{"line":128,"column":41}},{"start":{"line":128,"column":45},"end":{"line":128,"column":71}}],"line":128}},"s":{"0":1,"1":18,"2":18,"3":18,"4":1,"5":17,"6":1,"7":16,"8":16,"9":47,"10":1,"11":15,"12":15,"13":15,"14":36,"15":15,"16":15,"17":1,"18":29,"19":29,"20":883,"21":883,"22":11,"23":11,"24":872,"25":10,"26":10,"27":862,"28":10,"29":10,"30":852,"31":10,"32":10,"33":10,"34":10,"35":29,"36":29,"37":29,"38":39,"39":10,"40":10,"41":10,"42":10,"43":10,"44":29,"45":29,"46":1,"47":30,"48":1,"49":29,"50":18,"51":11,"52":1,"53":21,"54":1,"55":20,"56":20,"57":20,"58":30,"59":20,"60":1},"f":{"0":18,"1":29,"2":39,"3":30,"4":21,"5":30},"b":{"0":[1,17],"1":[1,16],"2":[1,46],"3":[11,872],"4":[883,11],"5":[10,862],"6":[872,11,10],"7":[10,852],"8":[862,11,10],"9":[10,842],"10":[852,12,10,10],"11":[10,29],"12":[1,29],"13":[30,30],"14":[18,11],"15":[1,20],"16":[21,21]},"_coverageSchema":"1a1c01bbd47fc00a2c39e90264f33305004495a9","hash":"6af3f31805e2c0b44b7f9979a96bc897cc14ed7c"}
}
