TN:
SF:utils/index.js
FN:1,(anonymous_0)
FN:34,(anonymous_1)
FN:94,(anonymous_2)
FN:113,(anonymous_3)
FN:127,(anonymous_4)
FN:136,(anonymous_5)
FNF:6
FNH:6
FNDA:11,(anonymous_0)
FNDA:15,(anonymous_1)
FNDA:22,(anonymous_2)
FNDA:15,(anonymous_3)
FNDA:16,(anonymous_4)
FNDA:15,(anonymous_5)
DA:1,1
DA:2,11
DA:4,11
DA:7,11
DA:8,1
DA:12,10
DA:13,1
DA:17,9
DA:18,32
DA:19,1
DA:23,8
DA:25,8
DA:26,19
DA:29,8
DA:31,8
DA:34,1
DA:35,15
DA:45,15
DA:46,481
DA:48,481
DA:49,7
DA:50,7
DA:53,474
DA:58,7
DA:59,7
DA:62,467
DA:67,7
DA:68,7
DA:71,460
DA:77,7
DA:78,7
DA:79,7
DA:86,7
DA:90,15
DA:91,15
DA:93,15
DA:95,22
DA:96,7
DA:98,7
DA:99,7
DA:101,7
DA:103,7
DA:105,15
DA:110,15
DA:113,1
DA:114,15
DA:115,0
DA:119,15
DA:120,11
DA:124,4
DA:127,1
DA:128,16
DA:129,1
DA:132,15
DA:134,15
DA:136,15
DA:137,15
DA:140,15
DA:143,1
LF:59
LH:58
BRDA:7,0,0,1
BRDA:7,0,1,10
BRDA:12,1,0,1
BRDA:12,1,1,9
BRDA:18,2,0,1
BRDA:18,2,1,31
BRDA:48,3,0,7
BRDA:48,3,1,474
BRDA:48,4,0,481
BRDA:48,4,1,7
BRDA:53,5,0,7
BRDA:53,5,1,467
BRDA:54,6,0,474
BRDA:54,6,1,7
BRDA:54,6,2,7
BRDA:62,7,0,7
BRDA:62,7,1,460
BRDA:63,8,0,467
BRDA:63,8,1,7
BRDA:63,8,2,7
BRDA:71,9,0,7
BRDA:71,9,1,453
BRDA:72,10,0,460
BRDA:72,10,1,7
BRDA:72,10,2,7
BRDA:72,10,3,7
BRDA:95,11,0,7
BRDA:95,11,1,15
BRDA:114,12,0,0
BRDA:114,12,1,15
BRDA:114,13,0,15
BRDA:114,13,1,15
BRDA:119,14,0,11
BRDA:119,14,1,4
BRDA:128,15,0,1
BRDA:128,15,1,15
BRDA:128,16,0,16
BRDA:128,16,1,16
BRF:38
BRH:37
end_of_record
