TN:
SF:utils/index.js
FN:1,(anonymous_0)
FN:34,(anonymous_1)
FN:94,(anonymous_2)
FN:113,(anonymous_3)
FN:127,(anonymous_4)
FN:136,(anonymous_5)
FNF:6
FNH:6
FNDA:16,(anonymous_0)
FNDA:27,(anonymous_1)
FNDA:37,(anonymous_2)
FNDA:28,(anonymous_3)
FNDA:19,(anonymous_4)
FNDA:28,(anonymous_5)
DA:1,1
DA:2,16
DA:4,16
DA:7,16
DA:8,1
DA:12,15
DA:13,1
DA:17,14
DA:18,39
DA:19,1
DA:23,13
DA:25,13
DA:26,29
DA:29,13
DA:31,13
DA:34,1
DA:35,27
DA:45,27
DA:46,799
DA:48,799
DA:49,10
DA:50,10
DA:53,789
DA:58,10
DA:59,10
DA:62,779
DA:67,10
DA:68,10
DA:71,769
DA:77,10
DA:78,10
DA:79,10
DA:86,10
DA:90,27
DA:91,27
DA:93,27
DA:95,37
DA:96,10
DA:98,10
DA:99,10
DA:101,10
DA:103,10
DA:105,27
DA:110,27
DA:113,1
DA:114,28
DA:115,1
DA:119,27
DA:120,16
DA:124,11
DA:127,1
DA:128,19
DA:129,1
DA:132,18
DA:134,18
DA:136,18
DA:137,28
DA:140,18
DA:143,1
LF:59
LH:59
BRDA:7,0,0,1
BRDA:7,0,1,15
BRDA:12,1,0,1
BRDA:12,1,1,14
BRDA:18,2,0,1
BRDA:18,2,1,38
BRDA:48,3,0,10
BRDA:48,3,1,789
BRDA:48,4,0,799
BRDA:48,4,1,10
BRDA:53,5,0,10
BRDA:53,5,1,779
BRDA:54,6,0,789
BRDA:54,6,1,10
BRDA:54,6,2,10
BRDA:62,7,0,10
BRDA:62,7,1,769
BRDA:63,8,0,779
BRDA:63,8,1,10
BRDA:63,8,2,10
BRDA:71,9,0,10
BRDA:71,9,1,759
BRDA:72,10,0,769
BRDA:72,10,1,10
BRDA:72,10,2,10
BRDA:72,10,3,10
BRDA:95,11,0,10
BRDA:95,11,1,27
BRDA:114,12,0,1
BRDA:114,12,1,27
BRDA:114,13,0,28
BRDA:114,13,1,28
BRDA:119,14,0,16
BRDA:119,14,1,11
BRDA:128,15,0,1
BRDA:128,15,1,18
BRDA:128,16,0,19
BRDA:128,16,1,19
BRF:38
BRH:38
end_of_record
